{
  "stats": {
    "suites": 1,
    "tests": 6,
    "passes": 6,
    "pending": 0,
    "failures": 0,
    "start": "2023-01-10T13:40:21.815Z",
    "end": "2023-01-10T13:40:34.477Z",
    "duration": 12662,
    "testsRegistered": 6,
    "passPercent": 100,
    "pendingPercent": 0,
    "other": 0,
    "hasOther": false,
    "skipped": 0,
    "hasSkipped": false
  },
  "results": [
    {
      "uuid": "9593689c-4b60-46e1-bc0c-878d84aefaaa",
      "title": "",
      "fullFile": "cypress\\e2e\\3-ALURAPIC\\alurapic.cy.js",
      "file": "cypress\\e2e\\3-ALURAPIC\\alurapic.cy.js",
      "beforeHooks": [],
      "afterHooks": [],
      "tests": [],
      "suites": [
        {
          "uuid": "c3866e9b-2e56-4fe1-8404-8f9d5a4a54c5",
          "title": "Login e registro de usuario alura pic",
          "fullFile": "",
          "file": "",
          "beforeHooks": [],
          "afterHooks": [],
          "tests": [
            {
              "title": "Verificar mensagens validação",
              "fullTitle": "Login e registro de usuario alura pic Verificar mensagens validação",
              "timedOut": null,
              "duration": 2941,
              "state": "passed",
              "speed": "fast",
              "pass": true,
              "fail": false,
              "pending": false,
              "context": null,
              "code": "cy.contains(\"a\", \"Register now\").click();\ncy.contains(\"button\", \"Register\").click();\ncy.contains(\"ap-vmessage\", \"Email is required!\").should(\"be.visible\");\ncy.contains(\"button\", \"Register\").click();\ncy.contains(\"ap-vmessage\", \"Full name is required!\").should(\"be.visible\");\ncy.contains(\"ap-vmessage\", \"User name is required!\").should(\"be.visible\");\ncy.contains(\"ap-vmessage\", \"Password is required!\").should(\"be.visible\");",
              "err": {},
              "uuid": "a1a1b399-1cbb-4f61-9a8d-7247a20d22de",
              "parentUUID": "c3866e9b-2e56-4fe1-8404-8f9d5a4a54c5",
              "isHook": false,
              "skipped": false
            },
            {
              "title": "Verificar mensagens de email invalido",
              "fullTitle": "Login e registro de usuario alura pic Verificar mensagens de email invalido",
              "timedOut": null,
              "duration": 1423,
              "state": "passed",
              "speed": "fast",
              "pass": true,
              "fail": false,
              "pending": false,
              "context": null,
              "code": "cy.contains(\"a\", \"Register now\").click();\ncy.contains(\"button\", \"Register\").click();\ncy.get('input[formcontrolname=\"email\"]').type(\"graciliana\");\ncy.contains(\"ap-vmessage\", \"Invalid e-mail\").should(\"be.visible\");",
              "err": {},
              "uuid": "72c5ea43-4e6a-4ded-a6bb-7f6aeb8bd694",
              "parentUUID": "c3866e9b-2e56-4fe1-8404-8f9d5a4a54c5",
              "isHook": false,
              "skipped": false
            },
            {
              "title": "Verificar mensagens de email valido",
              "fullTitle": "Login e registro de usuario alura pic Verificar mensagens de email valido",
              "timedOut": null,
              "duration": 1456,
              "state": "passed",
              "speed": "fast",
              "pass": true,
              "fail": false,
              "pending": false,
              "context": null,
              "code": "cy.contains(\"a\", \"Register now\").click();\ncy.contains(\"button\", \"Register\").click();\ncy.get('input[formcontrolname=\"email\"]').type(\"graciliana@gmail.com\");\ncy.contains(\"button\", \"Register\").click();\ncy.contains(\"ap-vmessage\", \"Full name is required!\").should(\"be.visible\");",
              "err": {},
              "uuid": "69600fba-40c6-47a1-8fbc-cd7dc40687fc",
              "parentUUID": "c3866e9b-2e56-4fe1-8404-8f9d5a4a54c5",
              "isHook": false,
              "skipped": false
            },
            {
              "title": "Verificar mensagens de nome Invalido",
              "fullTitle": "Login e registro de usuario alura pic Verificar mensagens de nome Invalido",
              "timedOut": null,
              "duration": 2009,
              "state": "passed",
              "speed": "fast",
              "pass": true,
              "fail": false,
              "pending": false,
              "context": null,
              "code": "cy.contains(\"a\", \"Register now\").click();\ncy.contains(\"button\", \"Register\").click();\ncy.get('input[formcontrolname=\"email\"]').type(\"graciliana@gmail.com\");\ncy.get('input[formcontrolname=\"fullName\"]').type(\"Graciliana Alves Kascher\");\ncy.get('input[formcontrolname=\"userName\"]').type(\"g\");\ncy.contains(\"button\", \"Register\").click();",
              "err": {},
              "uuid": "ce3b942d-265d-4f42-bef1-80c904022660",
              "parentUUID": "c3866e9b-2e56-4fe1-8404-8f9d5a4a54c5",
              "isHook": false,
              "skipped": false
            },
            {
              "title": "Verificar mensagens de senha com menos de 8 caracteres",
              "fullTitle": "Login e registro de usuario alura pic Verificar mensagens de senha com menos de 8 caracteres",
              "timedOut": null,
              "duration": 1206,
              "state": "passed",
              "speed": "fast",
              "pass": true,
              "fail": false,
              "pending": false,
              "context": null,
              "code": "cy.contains(\"a\", \"Register now\").click();\ncy.contains(\"button\", \"Register\").click();\ncy.get('input[formcontrolname=\"password\"]').type(\"123\");\ncy.contains(\"button\", \"Register\").click();\ncy.contains(\"ap-vmessage\", \"Mininum length is 8\").should(\"be.visible\");",
              "err": {},
              "uuid": "d5eeb8e9-1dad-4fee-a8d5-4120b5328dd8",
              "parentUUID": "c3866e9b-2e56-4fe1-8404-8f9d5a4a54c5",
              "isHook": false,
              "skipped": false
            },
            {
              "title": "Verificar mensagens de senha com menos de 8 caracteres",
              "fullTitle": "Login e registro de usuario alura pic Verificar mensagens de senha com menos de 8 caracteres",
              "timedOut": null,
              "duration": 1224,
              "state": "passed",
              "speed": "fast",
              "pass": true,
              "fail": false,
              "pending": false,
              "context": null,
              "code": "cy.contains(\"a\", \"Register now\").click();\ncy.contains(\"button\", \"Register\").click();\ncy.get('input[formcontrolname=\"userName\"]').type(\"TESTE\");\ncy.contains(\"button\", \"Register\").click();\ncy.contains(\"ap-vmessage\", \"Must be lower case\").should(\"be.visible\");",
              "err": {},
              "uuid": "ad59664e-e6a9-4571-9969-de58842d8b17",
              "parentUUID": "c3866e9b-2e56-4fe1-8404-8f9d5a4a54c5",
              "isHook": false,
              "skipped": false
            }
          ],
          "suites": [],
          "passes": [
            "a1a1b399-1cbb-4f61-9a8d-7247a20d22de",
            "72c5ea43-4e6a-4ded-a6bb-7f6aeb8bd694",
            "69600fba-40c6-47a1-8fbc-cd7dc40687fc",
            "ce3b942d-265d-4f42-bef1-80c904022660",
            "d5eeb8e9-1dad-4fee-a8d5-4120b5328dd8",
            "ad59664e-e6a9-4571-9969-de58842d8b17"
          ],
          "failures": [],
          "pending": [],
          "skipped": [],
          "duration": 10259,
          "root": false,
          "rootEmpty": false,
          "_timeout": 2000
        }
      ],
      "passes": [],
      "failures": [],
      "pending": [],
      "skipped": [],
      "duration": 0,
      "root": true,
      "rootEmpty": true,
      "_timeout": 2000
    }
  ],
  "meta": {
    "mocha": {
      "version": "7.0.1"
    },
    "mochawesome": {
      "options": {
        "quiet": false,
        "reportFilename": "mochawesome",
        "saveHtml": true,
        "saveJson": true,
        "consoleReporter": "spec",
        "useInlineDiffs": false,
        "code": true
      },
      "version": "7.1.3"
    },
    "marge": {
      "options": {
        "charts": true,
        "reportPageTitle": "custom-title",
        "embeddedScreenshots": true,
        "inlineAssets": true,
        "saveAllAttempts": false
      },
      "version": "6.2.0"
    }
  }
}